# JRE version: Java(TM) SE Runtime Environment (17.0.7+8) (build 17.0.7+8-LTS-224)
# Java VM: Java HotSpot(TM) 64-Bit Server VM (17.0.7+8-LTS-224, mixed mode, sharing, tiered, compressed oops, compressed class ptrs, g1 gc, windows-amd64)
GC Precious Log:
 CPUs: 8 total, 8 available
 Memory: 7865M
 Large Page Support: Disabled
 NUMA Support: Disabled
 Compressed Oops: Enabled (32-bit)
 Heap Region Size: 1M
 Heap Min Capacity: 256M
 Heap Initial Capacity: 256M
 Heap Max Capacity: 512M
 Pre-touch: Disabled
 Parallel Workers: 8
 Concurrent Workers: 2
 Concurrent Refinement Workers: 8
 Periodic GC: Disabled
Heap:
 garbage-first heap   total 262144K, used 159772K [0x00000000e0000000, 0x0000000100000000)
  region size 1024K, 67 young (68608K), 13 survivors (13312K)
 Metaspace       used 75275K, committed 76032K, reserved 380928K
  class space    used 10380K, committed 10752K, reserved 315392K
GC Heap History (20 events):
Event: 0.515 GC heap before
{Heap before GC invocations=0 (full 0):
 garbage-first heap   total 262144K, used 26624K [0x00000000e0000000, 0x0000000100000000)
  region size 1024K, 23 young (23552K), 0 survivors (0K)
 Metaspace       used 1977K, committed 2176K, reserved 323584K
  class space    used 206K, committed 320K, reserved 315392K
}
Event: 0.521 GC heap after
{Heap after GC invocations=1 (full 0):
 garbage-first heap   total 262144K, used 10865K [0x00000000e0000000, 0x0000000100000000)
  region size 1024K, 3 young (3072K), 3 survivors (3072K)
 Metaspace       used 1977K, committed 2176K, reserved 323584K
  class space    used 206K, committed 320K, reserved 315392K
}
Event: 0.976 GC heap before
{Heap before GC invocations=1 (full 0):
 garbage-first heap   total 262144K, used 38513K [0x00000000e0000000, 0x0000000100000000)
  region size 1024K, 30 young (30720K), 3 survivors (3072K)
 Metaspace       used 4061K, committed 4224K, reserved 323584K
  class space    used 507K, committed 640K, reserved 315392K
}
Event: 0.979 GC heap after
{Heap after GC invocations=2 (full 0):
 garbage-first heap   total 262144K, used 12266K [0x00000000e0000000, 0x0000000100000000)
  region size 1024K, 2 young (2048K), 2 survivors (2048K)
 Metaspace       used 4061K, committed 4224K, reserved 323584K
  class space    used 507K, committed 640K, reserved 315392K
}
Event: 2.978 GC heap before
{Heap before GC invocations=2 (full 0):
 garbage-first heap   total 262144K, used 137194K [0x00000000e0000000, 0x0000000100000000)
  region size 1024K, 122 young (124928K), 2 survivors (2048K)
 Metaspace       used 20146K, committed 20480K, reserved 339968K
  class space    used 2944K, committed 3136K, reserved 315392K
}
Event: 2.986 GC heap after
{Heap after GC invocations=3 (full 0):
 garbage-first heap   total 262144K, used 23703K [0x00000000e0000000, 0x0000000100000000)
  region size 1024K, 12 young (12288K), 12 survivors (12288K)
 Metaspace       used 20146K, committed 20480K, reserved 339968K
  class space    used 2944K, committed 3136K, reserved 315392K
}
Event: 3.088 GC heap before
{Heap before GC invocations=3 (full 0):
 garbage-first heap   total 262144K, used 31895K [0x00000000e0000000, 0x0000000100000000)
  region size 1024K, 21 young (21504K), 12 survivors (12288K)
 Metaspace       used 21235K, committed 21504K, reserved 339968K
  class space    used 3127K, committed 3264K, reserved 315392K
}
Event: 3.092 GC heap after
{Heap after GC invocations=4 (full 0):
 garbage-first heap   total 262144K, used 24266K [0x00000000e0000000, 0x0000000100000000)
  region size 1024K, 11 young (11264K), 11 survivors (11264K)
 Metaspace       used 21235K, committed 21504K, reserved 339968K
  class space    used 3127K, committed 3264K, reserved 315392K
}
Event: 5.594 GC heap before
{Heap before GC invocations=5 (full 0):
 garbage-first heap   total 262144K, used 161482K [0x00000000e0000000, 0x0000000100000000)
  region size 1024K, 131 young (134144K), 11 survivors (11264K)
 Metaspace       used 35657K, committed 36096K, reserved 348160K
  class space    used 5007K, committed 5248K, reserved 315392K
}
Event: 5.606 GC heap after
{Heap after GC invocations=6 (full 0):
 garbage-first heap   total 262144K, used 46638K [0x00000000e0000000, 0x0000000100000000)
  region size 1024K, 12 young (12288K), 12 survivors (12288K)
 Metaspace       used 35657K, committed 36096K, reserved 348160K
  class space    used 5007K, committed 5248K, reserved 315392K
}
Event: 7.930 GC heap before
{Heap before GC invocations=7 (full 0):
 garbage-first heap   total 262144K, used 205358K [0x00000000e0000000, 0x0000000100000000)
  region size 1024K, 153 young (156672K), 12 survivors (12288K)
 Metaspace       used 48712K, committed 49344K, reserved 364544K
  class space    used 7009K, committed 7296K, reserved 315392K
}
Event: 7.941 GC heap after
{Heap after GC invocations=8 (full 0):
 garbage-first heap   total 262144K, used 70858K [0x00000000e0000000, 0x0000000100000000)
  region size 1024K, 12 young (12288K), 12 survivors (12288K)
 Metaspace       used 48712K, committed 49344K, reserved 364544K
  class space    used 7009K, committed 7296K, reserved 315392K
}
Event: 11.250 GC heap before
{Heap before GC invocations=8 (full 0):
 garbage-first heap   total 262144K, used 212170K [0x00000000e0000000, 0x0000000100000000)
  region size 1024K, 139 young (142336K), 12 survivors (12288K)
 Metaspace       used 59081K, committed 59776K, reserved 372736K
  class space    used 8477K, committed 8768K, reserved 315392K
}
Event: 11.259 GC heap after
{Heap after GC invocations=9 (full 0):
 garbage-first heap   total 262144K, used 93249K [0x00000000e0000000, 0x0000000100000000)
  region size 1024K, 12 young (12288K), 12 survivors (12288K)
 Metaspace       used 59081K, committed 59776K, reserved 372736K
  class space    used 8477K, committed 8768K, reserved 315392K
}
Event: 11.355 GC heap before
{Heap before GC invocations=9 (full 0):
 garbage-first heap   total 262144K, used 102465K [0x00000000e0000000, 0x0000000100000000)
  region size 1024K, 23 young (23552K), 12 survivors (12288K)
 Metaspace       used 59785K, committed 60416K, reserved 372736K
  class space    used 8612K, committed 8896K, reserved 315392K
}
Event: 11.362 GC heap after
{Heap after GC invocations=10 (full 0):
 garbage-first heap   total 262144K, used 94465K [0x00000000e0000000, 0x0000000100000000)
  region size 1024K, 2 young (2048K), 2 survivors (2048K)
 Metaspace       used 59785K, committed 60416K, reserved 372736K
  class space    used 8612K, committed 8896K, reserved 315392K
}
Event: 14.290 GC heap before
{Heap before GC invocations=11 (full 0):
 garbage-first heap   total 262144K, used 209153K [0x00000000e0000000, 0x0000000100000000)
  region size 1024K, 114 young (116736K), 2 survivors (2048K)
 Metaspace       used 68378K, committed 69120K, reserved 380928K
  class space    used 9674K, committed 9984K, reserved 315392K
}
Event: 14.298 GC heap after
{Heap after GC invocations=12 (full 0):
 garbage-first heap   total 262144K, used 100545K [0x00000000e0000000, 0x0000000100000000)
  region size 1024K, 8 young (8192K), 8 survivors (8192K)
 Metaspace       used 68378K, committed 69120K, reserved 380928K
  class space    used 9674K, committed 9984K, reserved 315392K
}
Event: 17.596 GC heap before
{Heap before GC invocations=12 (full 0):
 garbage-first heap   total 262144K, used 210113K [0x00000000e0000000, 0x0000000100000000)
  region size 1024K, 116 young (118784K), 8 survivors (8192K)
 Metaspace       used 74601K, committed 75328K, reserved 380928K
  class space    used 10351K, committed 10688K, reserved 315392K
}
Event: 17.615 GC heap after
{Heap after GC invocations=13 (full 0):
 garbage-first heap   total 262144K, used 105500K [0x00000000e0000000, 0x0000000100000000)
  region size 1024K, 13 young (13312K), 13 survivors (13312K)
 Metaspace       used 74601K, committed 75328K, reserved 380928K
  class space    used 10351K, committed 10688K, reserved 315392K
}

