# JRE version: Java(TM) SE Runtime Environment (17.0.7+8) (build 17.0.7+8-LTS-224)
# Java VM: Java HotSpot(TM) 64-Bit Server VM (17.0.7+8-LTS-224, mixed mode, sharing, tiered, compressed oops, compressed class ptrs, g1 gc, windows-amd64)
GC Precious Log:
 CPUs: 8 total, 8 available
 Memory: 7865M
 Large Page Support: Disabled
 NUMA Support: Disabled
 Compressed Oops: Enabled (32-bit)
 Heap Region Size: 1M
 Heap Min Capacity: 256M
 Heap Initial Capacity: 256M
 Heap Max Capacity: 512M
 Pre-touch: Disabled
 Parallel Workers: 8
 Concurrent Workers: 2
 Concurrent Refinement Workers: 8
 Periodic GC: Disabled
Heap:
 garbage-first heap   total 262144K, used 95652K [0x00000000e0000000, 0x0000000100000000)
  region size 1024K, 72 young (73728K), 11 survivors (11264K)
 Metaspace       used 42679K, committed 43136K, reserved 356352K
  class space    used 5992K, committed 6208K, reserved 315392K
GC Heap History (10 events):
Event: 1.060 GC heap before
{Heap before GC invocations=0 (full 0):
 garbage-first heap   total 262144K, used 26624K [0x00000000e0000000, 0x0000000100000000)
  region size 1024K, 23 young (23552K), 0 survivors (0K)
 Metaspace       used 2187K, committed 2368K, reserved 323584K
  class space    used 240K, committed 320K, reserved 315392K
}
Event: 1.065 GC heap after
{Heap after GC invocations=1 (full 0):
 garbage-first heap   total 262144K, used 10842K [0x00000000e0000000, 0x0000000100000000)
  region size 1024K, 3 young (3072K), 3 survivors (3072K)
 Metaspace       used 2187K, committed 2368K, reserved 323584K
  class space    used 240K, committed 320K, reserved 315392K
}
Event: 2.816 GC heap before
{Heap before GC invocations=1 (full 0):
 garbage-first heap   total 262144K, used 37466K [0x00000000e0000000, 0x0000000100000000)
  region size 1024K, 29 young (29696K), 3 survivors (3072K)
 Metaspace       used 4072K, committed 4288K, reserved 323584K
  class space    used 507K, committed 640K, reserved 315392K
}
Event: 2.820 GC heap after
{Heap after GC invocations=2 (full 0):
 garbage-first heap   total 262144K, used 11970K [0x00000000e0000000, 0x0000000100000000)
  region size 1024K, 2 young (2048K), 2 survivors (2048K)
 Metaspace       used 4072K, committed 4288K, reserved 323584K
  class space    used 507K, committed 640K, reserved 315392K
}
Event: 5.853 GC heap before
{Heap before GC invocations=2 (full 0):
 garbage-first heap   total 262144K, used 127682K [0x00000000e0000000, 0x0000000100000000)
  region size 1024K, 113 young (115712K), 2 survivors (2048K)
 Metaspace       used 19003K, committed 19264K, reserved 339968K
  class space    used 2762K, committed 2880K, reserved 315392K
}
Event: 5.863 GC heap after
{Heap after GC invocations=3 (full 0):
 garbage-first heap   total 262144K, used 22516K [0x00000000e0000000, 0x0000000100000000)
  region size 1024K, 11 young (11264K), 11 survivors (11264K)
 Metaspace       used 19003K, committed 19264K, reserved 339968K
  class space    used 2762K, committed 2880K, reserved 315392K
}
Event: 6.131 GC heap before
{Heap before GC invocations=3 (full 0):
 garbage-first heap   total 262144K, used 39924K [0x00000000e0000000, 0x0000000100000000)
  region size 1024K, 29 young (29696K), 11 survivors (11264K)
 Metaspace       used 21224K, committed 21504K, reserved 339968K
  class space    used 3130K, committed 3264K, reserved 315392K
}
Event: 6.135 GC heap after
{Heap after GC invocations=4 (full 0):
 garbage-first heap   total 262144K, used 24077K [0x00000000e0000000, 0x0000000100000000)
  region size 1024K, 11 young (11264K), 11 survivors (11264K)
 Metaspace       used 21224K, committed 21504K, reserved 339968K
  class space    used 3130K, committed 3264K, reserved 315392K
}
Event: 7.922 GC heap before
{Heap before GC invocations=5 (full 0):
 garbage-first heap   total 262144K, used 149005K [0x00000000e0000000, 0x0000000100000000)
  region size 1024K, 130 young (133120K), 11 survivors (11264K)
 Metaspace       used 35780K, committed 36160K, reserved 348160K
  class space    used 4992K, committed 5184K, reserved 315392K
}
Event: 7.933 GC heap after
{Heap after GC invocations=6 (full 0):
 garbage-first heap   total 262144K, used 33188K [0x00000000e0000000, 0x0000000100000000)
  region size 1024K, 11 young (11264K), 11 survivors (11264K)
 Metaspace       used 35780K, committed 36160K, reserved 348160K
  class space    used 4992K, committed 5184K, reserved 315392K
}

